<?xml version="1.0"?>
<yuitest version="2">
    <tests base="file://@unit-tests.dir@/" timeout="10000">
        <!-- url>backplane/main.html</url -->
        <url>kb/main.html</url>
        <url>rdfa/main.html</url>
        <url>xforms/main.html</url>
    </tests>
</yuitest>
